<?xml version="1.0" encoding="UTF-8"?>
<!-- Generated by org.testng.reporters.JUnitXMLReporter -->
<testsuite ignored="0" hostname="Revotron" failures="0" tests="4" name="Default test" time="7.443" errors="0" timestamp="2024-12-23T15:06:31 IST">
  <testcase classname="com.TestCases.IndexPageTest" name="validateCategories" time="0.095"/>
  <testcase classname="com.TestCases.IndexPageTest" name="validateAllProducts" time="0.51"/>
  <testcase classname="com.TestCases.IndexPageTest" name="addProductToCart" time="0.777"/>
  <testcase classname="com.TestCases.IndexPageTest" name="validateLaunchOfCartPage" time="1.295"/>
</testsuite> <!-- Default test -->
