<?xml version="1.0" encoding="UTF-8"?>
<testng-results ignored="0" total="4" passed="4" failed="0" skipped="0">
  <reporter-output>
  </reporter-output>
  <suite started-at="2024-12-23T15:06:24 IST" name="Default suite" finished-at="2024-12-23T15:06:31 IST" duration-ms="7443">
    <groups>
    </groups>
    <test started-at="2024-12-23T15:06:24 IST" name="Default test" finished-at="2024-12-23T15:06:31 IST" duration-ms="7443">
      <class name="com.TestCases.IndexPageTest">
        <test-method is-config="true" signature="setUp()[pri:0, instance:com.TestCases.IndexPageTest@397fbdb]" started-at="2024-12-23T15:06:24 IST" name="setUp" finished-at="2024-12-23T15:06:27 IST" duration-ms="3691" status="PASS">
          <reporter-output>
          </reporter-output>
        </test-method> <!-- setUp -->
        <test-method is-config="true" signature="pageSetup()[pri:0, instance:com.TestCases.IndexPageTest@397fbdb]" started-at="2024-12-23T15:06:27 IST" name="pageSetup" finished-at="2024-12-23T15:06:28 IST" duration-ms="1017" status="PASS">
          <reporter-output>
          </reporter-output>
        </test-method> <!-- pageSetup -->
        <test-method signature="validateCategories()[pri:1, instance:com.TestCases.IndexPageTest@397fbdb]" started-at="2024-12-23T15:06:28 IST" name="validateCategories" finished-at="2024-12-23T15:06:29 IST" duration-ms="95" status="PASS">
          <reporter-output>
          </reporter-output>
        </test-method> <!-- validateCategories -->
        <test-method signature="validateAllProducts()[pri:2, instance:com.TestCases.IndexPageTest@397fbdb]" started-at="2024-12-23T15:06:29 IST" name="validateAllProducts" finished-at="2024-12-23T15:06:29 IST" duration-ms="510" status="PASS">
          <reporter-output>
          </reporter-output>
        </test-method> <!-- validateAllProducts -->
        <test-method signature="addProductToCart()[pri:3, instance:com.TestCases.IndexPageTest@397fbdb]" started-at="2024-12-23T15:06:29 IST" name="addProductToCart" finished-at="2024-12-23T15:06:30 IST" duration-ms="777" status="PASS">
          <reporter-output>
          </reporter-output>
        </test-method> <!-- addProductToCart -->
        <test-method signature="validateLaunchOfCartPage()[pri:4, instance:com.TestCases.IndexPageTest@397fbdb]" started-at="2024-12-23T15:06:30 IST" name="validateLaunchOfCartPage" finished-at="2024-12-23T15:06:31 IST" duration-ms="1295" status="PASS">
          <reporter-output>
          </reporter-output>
        </test-method> <!-- validateLaunchOfCartPage -->
      </class> <!-- com.TestCases.IndexPageTest -->
    </test> <!-- Default test -->
  </suite> <!-- Default suite -->
</testng-results>
